c:\users\marcg\desktop\master\zorkhotel\x64\release\vc143.pdb
c:\users\marcg\desktop\master\zorkhotel\x64\release\world.obj
c:\users\marcg\desktop\master\zorkhotel\x64\release\room.obj
c:\users\marcg\desktop\master\zorkhotel\x64\release\player.obj
c:\users\marcg\desktop\master\zorkhotel\x64\release\npc.obj
c:\users\marcg\desktop\master\zorkhotel\x64\release\main.obj
c:\users\marcg\desktop\master\zorkhotel\x64\release\item.obj
c:\users\marcg\desktop\master\zorkhotel\x64\release\exit.obj
c:\users\marcg\desktop\master\zorkhotel\x64\release\entity.obj
c:\users\marcg\desktop\master\zorkhotel\x64\release\zorkhotel.exe
c:\users\marcg\desktop\master\zorkhotel\x64\release\zorkhotel.pdb
c:\users\marcg\desktop\master\zorkhotel\x64\release\zorkhotel.ipdb
c:\users\marcg\desktop\master\zorkhotel\x64\release\zorkhotel.iobj
c:\users\marcg\desktop\master\zorkhotel\x64\release\zorkhotel.tlog\cl.command.1.tlog
c:\users\marcg\desktop\master\zorkhotel\x64\release\zorkhotel.tlog\cl.read.1.tlog
c:\users\marcg\desktop\master\zorkhotel\x64\release\zorkhotel.tlog\cl.write.1.tlog
c:\users\marcg\desktop\master\zorkhotel\x64\release\zorkhotel.tlog\link.command.1.tlog
c:\users\marcg\desktop\master\zorkhotel\x64\release\zorkhotel.tlog\link.read.1.tlog
c:\users\marcg\desktop\master\zorkhotel\x64\release\zorkhotel.tlog\link.write.1.tlog
c:\users\marcg\desktop\master\zorkhotel\x64\release\zorkhotel.tlog\link.write.2u.tlog
